build/app/intermediates/manifest_merge_blame_file/debug/manifest-merger-blame-debug-report.txt
1<?xml version="1.0" encoding="utf-8"?>
2<manifest xmlns:android="http://schemas.android.com/apk/res/android"
3    package="com.example.flutterchat"
4    android:versionCode="1"
5    android:versionName="1.0.0" >
6
7    <uses-sdk
8        android:minSdkVersion="16"
9        android:targetSdkVersion="28" />
10    <!--
11         Flutter needs it to communicate with the running application
12         to allow setting breakpoints, to provide hot reload, etc.
13    -->
14    <uses-permission android:name="android.permission.INTERNET" />
14-->src\debug\AndroidManifest.xml:6:5-66
14-->src\debug\AndroidManifest.xml:6:22-64
15    <uses-permission android:name="android.permission.READ_EXTERNAL_STORAGE" />
15-->[:image_picker] AndroidManifest.xml:7:5-80
15-->[:image_picker] AndroidManifest.xml:7:22-77
16    <uses-permission android:name="android.permission.WRITE_EXTERNAL_STORAGE" />
16-->[:image_picker] AndroidManifest.xml:8:5-81
16-->[:image_picker] AndroidManifest.xml:8:22-78
17    <uses-permission android:name="android.permission.ACCESS_NETWORK_STATE" />
17-->[com.google.android.gms:play-services-measurement:17.2.2] AndroidManifest.xml:24:5-79
17-->[com.google.android.gms:play-services-measurement:17.2.2] AndroidManifest.xml:24:22-76
18    <uses-permission android:name="android.permission.WAKE_LOCK" />
18-->[com.google.android.gms:play-services-measurement:17.2.2] AndroidManifest.xml:25:5-68
18-->[com.google.android.gms:play-services-measurement:17.2.2] AndroidManifest.xml:25:22-65
19    <uses-permission android:name="com.google.android.finsky.permission.BIND_GET_INSTALL_REFERRER_SERVICE" /> <!-- Required by older versions of Google Play services to create IID tokens -->
19-->[com.google.android.gms:play-services-measurement:17.2.2] AndroidManifest.xml:26:5-110
19-->[com.google.android.gms:play-services-measurement:17.2.2] AndroidManifest.xml:26:22-107
20    <uses-permission android:name="com.google.android.c2dm.permission.RECEIVE" />
20-->[com.google.firebase:firebase-iid:20.0.2] AndroidManifest.xml:26:5-82
20-->[com.google.firebase:firebase-iid:20.0.2] AndroidManifest.xml:26:22-79
21    <!--
22 io.flutter.app.FlutterApplication is an android.app.Application that
23         calls FlutterMain.startInitialization(this); in its onCreate method.
24         In most cases you can leave this as-is, but you if you want to provide
25         additional functionality it is fine to subclass or reimplement
26         FlutterApplication and put your custom class here.
27    -->
28    <application
28-->src\main\AndroidManifest.xml:8:5-51:19
29        android:name="io.flutter.app.FlutterApplication"
29-->src\main\AndroidManifest.xml:9:9-57
30        android:appComponentFactory="androidx.core.app.CoreComponentFactory"
30-->[androidx.core:core:1.1.0] AndroidManifest.xml:24:18-86
31        android:debuggable="true"
32        android:icon="@mipmap/ic_launcher"
32-->src\main\AndroidManifest.xml:11:9-43
33        android:label="flutterchat" >
33-->src\main\AndroidManifest.xml:10:9-36
34        <activity
34-->src\main\AndroidManifest.xml:12:9-44:20
35            android:name="com.example.flutterchat.MainActivity"
35-->src\main\AndroidManifest.xml:13:13-41
36            android:configChanges="orientation|keyboardHidden|keyboard|screenSize|smallestScreenSize|locale|layoutDirection|fontScale|screenLayout|density|uiMode"
36-->src\main\AndroidManifest.xml:16:13-163
37            android:hardwareAccelerated="true"
37-->src\main\AndroidManifest.xml:17:13-47
38            android:launchMode="singleTop"
38-->src\main\AndroidManifest.xml:14:13-43
39            android:theme="@style/LaunchTheme"
39-->src\main\AndroidManifest.xml:15:13-47
40            android:windowSoftInputMode="adjustResize" >
40-->src\main\AndroidManifest.xml:18:13-55
41
42            <!--
43                 Specifies an Android theme to apply to this Activity as soon as
44                 the Android process has started. This theme is visible to the user
45                 while the Flutter UI initializes. After that, this theme continues
46                 to determine the Window background behind the Flutter UI.
47            -->
48            <meta-data
48-->src\main\AndroidManifest.xml:23:13-26:17
49                android:name="io.flutter.embedding.android.NormalTheme"
49-->src\main\AndroidManifest.xml:24:15-70
50                android:resource="@style/NormalTheme" />
50-->src\main\AndroidManifest.xml:25:15-52
51            <!--
52                 Displays an Android View that continues showing the launch screen
53                 Drawable until Flutter paints its first frame, then this splash
54                 screen fades out. A splash screen is useful to avoid any visual
55                 gap between the end of Android's launch screen and the painting of
56                 Flutter's first frame.
57            -->
58            <meta-data
58-->src\main\AndroidManifest.xml:32:13-35:17
59                android:name="io.flutter.embedding.android.SplashScreenDrawable"
59-->src\main\AndroidManifest.xml:33:15-79
60                android:resource="@drawable/launch_background" />
60-->src\main\AndroidManifest.xml:34:15-61
61
62            <intent-filter>
62-->src\main\AndroidManifest.xml:36:13-39:29
63                <action android:name="android.intent.action.MAIN" />
63-->src\main\AndroidManifest.xml:37:17-68
63-->src\main\AndroidManifest.xml:37:25-66
64
65                <category android:name="android.intent.category.LAUNCHER" />
65-->src\main\AndroidManifest.xml:38:17-76
65-->src\main\AndroidManifest.xml:38:27-74
66            </intent-filter>
67            <intent-filter>
67-->src\main\AndroidManifest.xml:40:13-43:29
68                <action android:name="FLUTTER_NOTIFICATION_CLICK" />
68-->src\main\AndroidManifest.xml:41:17-69
68-->src\main\AndroidManifest.xml:41:25-66
69
70                <category android:name="android.intent.category.DEFAULT" />
70-->src\main\AndroidManifest.xml:42:17-76
70-->src\main\AndroidManifest.xml:42:27-73
71            </intent-filter>
72        </activity>
73        <!--
74             Don't delete the meta-data below.
75             This is used by the Flutter tool to generate GeneratedPluginRegistrant.java
76        -->
77        <meta-data
77-->src\main\AndroidManifest.xml:47:9-49:33
78            android:name="flutterEmbedding"
78-->src\main\AndroidManifest.xml:48:13-44
79            android:value="2" />
79-->src\main\AndroidManifest.xml:49:13-30
80        <meta-data
80-->src\main\AndroidManifest.xml:50:9-97
81            android:name="firebase_analytics_collection_enabled"
81-->src\main\AndroidManifest.xml:50:20-72
82            android:value="false" />
82-->src\main\AndroidManifest.xml:50:73-94
83
84        <service
84-->[:firebase_storage] AndroidManifest.xml:8:9-12:19
85            android:name="com.google.firebase.components.ComponentDiscoveryService"
85-->[:firebase_storage] AndroidManifest.xml:8:18-89
86            android:directBootAware="true"
86-->[com.google.firebase:firebase-common:19.3.0] AndroidManifest.xml:34:13-43
87            android:exported="false" >
87-->[com.google.firebase:firebase-auth:19.2.0] AndroidManifest.xml:35:13-37
88            <meta-data
88-->[:firebase_storage] AndroidManifest.xml:9:13-11:85
89                android:name="com.google.firebase.components:io.flutter.plugins.firebase.storage.FlutterFirebaseAppRegistrar"
89-->[:firebase_storage] AndroidManifest.xml:10:17-126
90                android:value="com.google.firebase.components.ComponentRegistrar" />
90-->[:firebase_storage] AndroidManifest.xml:11:17-82
91            <meta-data
91-->[:firebase_messaging] AndroidManifest.xml:14:13-16:85
92                android:name="com.google.firebase.components:io.flutter.plugins.firebasemessaging.FlutterFirebaseAppRegistrar"
92-->[:firebase_messaging] AndroidManifest.xml:15:17-127
93                android:value="com.google.firebase.components.ComponentRegistrar" />
93-->[:firebase_messaging] AndroidManifest.xml:16:17-82
94            <meta-data
94-->[:cloud_firestore] AndroidManifest.xml:9:13-11:85
95                android:name="com.google.firebase.components:io.flutter.plugins.firebase.cloudfirestore.FlutterFirebaseAppRegistrar"
95-->[:cloud_firestore] AndroidManifest.xml:10:17-133
96                android:value="com.google.firebase.components.ComponentRegistrar" />
96-->[:cloud_firestore] AndroidManifest.xml:11:17-82
97            <meta-data
97-->[:firebase_auth] AndroidManifest.xml:9:13-11:85
98                android:name="com.google.firebase.components:io.flutter.plugins.firebaseauth.FlutterFirebaseAppRegistrar"
98-->[:firebase_auth] AndroidManifest.xml:10:17-122
99                android:value="com.google.firebase.components.ComponentRegistrar" />
99-->[:firebase_auth] AndroidManifest.xml:11:17-82
100            <meta-data
100-->[:firebase_core] AndroidManifest.xml:9:13-11:85
101                android:name="com.google.firebase.components:io.flutter.plugins.firebase.core.FlutterFirebaseAppRegistrar"
101-->[:firebase_core] AndroidManifest.xml:10:17-123
102                android:value="com.google.firebase.components.ComponentRegistrar" />
102-->[:firebase_core] AndroidManifest.xml:11:17-82
103            <meta-data
103-->[com.google.firebase:firebase-auth:19.2.0] AndroidManifest.xml:36:13-38:85
104                android:name="com.google.firebase.components:com.google.firebase.auth.FirebaseAuthRegistrar"
104-->[com.google.firebase:firebase-auth:19.2.0] AndroidManifest.xml:37:17-109
105                android:value="com.google.firebase.components.ComponentRegistrar" />
105-->[com.google.firebase:firebase-auth:19.2.0] AndroidManifest.xml:38:17-82
106            <meta-data
106-->[com.google.android.gms:play-services-measurement-api:17.2.2] AndroidManifest.xml:30:13-32:85
107                android:name="com.google.firebase.components:com.google.firebase.analytics.connector.internal.AnalyticsConnectorRegistrar"
107-->[com.google.android.gms:play-services-measurement-api:17.2.2] AndroidManifest.xml:31:17-139
108                android:value="com.google.firebase.components.ComponentRegistrar" />
108-->[com.google.android.gms:play-services-measurement-api:17.2.2] AndroidManifest.xml:32:17-82
109            <meta-data
109-->[com.google.firebase:firebase-storage:17.0.0] AndroidManifest.xml:31:13-33:85
110                android:name="com.google.firebase.components:com.google.firebase.storage.StorageRegistrar"
110-->[com.google.firebase:firebase-storage:17.0.0] AndroidManifest.xml:32:17-107
111                android:value="com.google.firebase.components.ComponentRegistrar" />
111-->[com.google.firebase:firebase-storage:17.0.0] AndroidManifest.xml:33:17-82
112            <meta-data
112-->[com.google.firebase:firebase-firestore:21.3.0] AndroidManifest.xml:20:13-22:85
113                android:name="com.google.firebase.components:com.google.firebase.firestore.FirestoreRegistrar"
113-->[com.google.firebase:firebase-firestore:21.3.0] AndroidManifest.xml:21:17-111
114                android:value="com.google.firebase.components.ComponentRegistrar" />
114-->[com.google.firebase:firebase-firestore:21.3.0] AndroidManifest.xml:22:17-82
115            <meta-data
115-->[com.google.firebase:firebase-iid:20.0.2] AndroidManifest.xml:32:13-34:85
116                android:name="com.google.firebase.components:com.google.firebase.iid.Registrar"
116-->[com.google.firebase:firebase-iid:20.0.2] AndroidManifest.xml:33:17-96
117                android:value="com.google.firebase.components.ComponentRegistrar" />
117-->[com.google.firebase:firebase-iid:20.0.2] AndroidManifest.xml:34:17-82
118        </service>
119
120        <provider
120-->[:image_picker] AndroidManifest.xml:11:9-19:20
121            android:name="io.flutter.plugins.imagepicker.ImagePickerFileProvider"
121-->[:image_picker] AndroidManifest.xml:12:13-82
122            android:authorities="com.example.flutterchat.flutter.image_provider"
122-->[:image_picker] AndroidManifest.xml:13:13-74
123            android:exported="false"
123-->[:image_picker] AndroidManifest.xml:14:13-37
124            android:grantUriPermissions="true" >
124-->[:image_picker] AndroidManifest.xml:15:13-47
125            <meta-data
125-->[:image_picker] AndroidManifest.xml:16:13-18:75
126                android:name="android.support.FILE_PROVIDER_PATHS"
126-->[:image_picker] AndroidManifest.xml:17:17-67
127                android:resource="@xml/flutter_image_picker_file_paths" />
127-->[:image_picker] AndroidManifest.xml:18:17-72
128        </provider>
129
130        <service android:name="io.flutter.plugins.firebasemessaging.FlutterFirebaseMessagingService" >
130-->[:firebase_messaging] AndroidManifest.xml:8:9-12:19
130-->[:firebase_messaging] AndroidManifest.xml:8:18-101
131            <intent-filter>
131-->[:firebase_messaging] AndroidManifest.xml:9:13-11:29
132                <action android:name="com.google.firebase.MESSAGING_EVENT" />
132-->[:firebase_messaging] AndroidManifest.xml:10:17-78
132-->[:firebase_messaging] AndroidManifest.xml:10:25-75
133            </intent-filter>
134        </service>
135
136        <activity
136-->[com.google.firebase:firebase-auth:19.2.0] AndroidManifest.xml:24:9-31:50
137            android:name="com.google.firebase.auth.internal.FederatedSignInActivity"
137-->[com.google.firebase:firebase-auth:19.2.0] AndroidManifest.xml:25:13-85
138            android:excludeFromRecents="true"
138-->[com.google.firebase:firebase-auth:19.2.0] AndroidManifest.xml:26:13-46
139            android:exported="true"
139-->[com.google.firebase:firebase-auth:19.2.0] AndroidManifest.xml:27:13-36
140            android:launchMode="singleTask"
140-->[com.google.firebase:firebase-auth:19.2.0] AndroidManifest.xml:28:13-44
141            android:permission="com.google.firebase.auth.api.gms.permission.LAUNCH_FEDERATED_SIGN_IN"
141-->[com.google.firebase:firebase-auth:19.2.0] AndroidManifest.xml:29:13-102
142            android:theme="@android:style/Theme.Translucent.NoTitleBar" />
142-->[com.google.firebase:firebase-auth:19.2.0] AndroidManifest.xml:30:13-72
143
144        <receiver
144-->[com.google.android.gms:play-services-measurement:17.2.2] AndroidManifest.xml:29:9-33:20
145            android:name="com.google.android.gms.measurement.AppMeasurementReceiver"
145-->[com.google.android.gms:play-services-measurement:17.2.2] AndroidManifest.xml:30:13-85
146            android:enabled="true"
146-->[com.google.android.gms:play-services-measurement:17.2.2] AndroidManifest.xml:31:13-35
147            android:exported="false" >
147-->[com.google.android.gms:play-services-measurement:17.2.2] AndroidManifest.xml:32:13-37
148        </receiver>
149        <receiver
149-->[com.google.android.gms:play-services-measurement:17.2.2] AndroidManifest.xml:34:9-42:20
150            android:name="com.google.android.gms.measurement.AppMeasurementInstallReferrerReceiver"
150-->[com.google.android.gms:play-services-measurement:17.2.2] AndroidManifest.xml:35:13-100
151            android:enabled="true"
151-->[com.google.android.gms:play-services-measurement:17.2.2] AndroidManifest.xml:36:13-35
152            android:exported="true"
152-->[com.google.android.gms:play-services-measurement:17.2.2] AndroidManifest.xml:37:13-36
153            android:permission="android.permission.INSTALL_PACKAGES" >
153-->[com.google.android.gms:play-services-measurement:17.2.2] AndroidManifest.xml:38:13-69
154            <intent-filter>
154-->[com.google.android.gms:play-services-measurement:17.2.2] AndroidManifest.xml:39:13-41:29
155                <action android:name="com.android.vending.INSTALL_REFERRER" />
155-->[com.google.android.gms:play-services-measurement:17.2.2] AndroidManifest.xml:40:17-79
155-->[com.google.android.gms:play-services-measurement:17.2.2] AndroidManifest.xml:40:25-76
156            </intent-filter>
157        </receiver>
158
159        <service
159-->[com.google.android.gms:play-services-measurement:17.2.2] AndroidManifest.xml:44:9-47:40
160            android:name="com.google.android.gms.measurement.AppMeasurementService"
160-->[com.google.android.gms:play-services-measurement:17.2.2] AndroidManifest.xml:45:13-84
161            android:enabled="true"
161-->[com.google.android.gms:play-services-measurement:17.2.2] AndroidManifest.xml:46:13-35
162            android:exported="false" />
162-->[com.google.android.gms:play-services-measurement:17.2.2] AndroidManifest.xml:47:13-37
163        <service
163-->[com.google.android.gms:play-services-measurement:17.2.2] AndroidManifest.xml:48:9-52:72
164            android:name="com.google.android.gms.measurement.AppMeasurementJobService"
164-->[com.google.android.gms:play-services-measurement:17.2.2] AndroidManifest.xml:49:13-87
165            android:enabled="true"
165-->[com.google.android.gms:play-services-measurement:17.2.2] AndroidManifest.xml:50:13-35
166            android:exported="false"
166-->[com.google.android.gms:play-services-measurement:17.2.2] AndroidManifest.xml:51:13-37
167            android:permission="android.permission.BIND_JOB_SERVICE" />
167-->[com.google.android.gms:play-services-measurement:17.2.2] AndroidManifest.xml:52:13-69
168        <!--
169             FirebaseMessagingService performs security checks at runtime,
170             but set to not exported to explicitly avoid allowing another app to call it.
171        -->
172        <service
172-->[com.google.firebase:firebase-messaging:20.0.1] AndroidManifest.xml:28:9-34:19
173            android:name="com.google.firebase.messaging.FirebaseMessagingService"
173-->[com.google.firebase:firebase-messaging:20.0.1] AndroidManifest.xml:29:13-82
174            android:exported="false" >
174-->[com.google.firebase:firebase-messaging:20.0.1] AndroidManifest.xml:30:13-37
175            <intent-filter android:priority="-500" >
175-->[:firebase_messaging] AndroidManifest.xml:9:13-11:29
176                <action android:name="com.google.firebase.MESSAGING_EVENT" />
176-->[:firebase_messaging] AndroidManifest.xml:10:17-78
176-->[:firebase_messaging] AndroidManifest.xml:10:25-75
177            </intent-filter>
178        </service>
179
180        <receiver
180-->[com.google.firebase:firebase-iid:20.0.2] AndroidManifest.xml:37:9-44:20
181            android:name="com.google.firebase.iid.FirebaseInstanceIdReceiver"
181-->[com.google.firebase:firebase-iid:20.0.2] AndroidManifest.xml:38:13-78
182            android:exported="true"
182-->[com.google.firebase:firebase-iid:20.0.2] AndroidManifest.xml:39:13-36
183            android:permission="com.google.android.c2dm.permission.SEND" >
183-->[com.google.firebase:firebase-iid:20.0.2] AndroidManifest.xml:40:13-73
184            <intent-filter>
184-->[com.google.firebase:firebase-iid:20.0.2] AndroidManifest.xml:41:13-43:29
185                <action android:name="com.google.android.c2dm.intent.RECEIVE" />
185-->[com.google.firebase:firebase-iid:20.0.2] AndroidManifest.xml:42:17-81
185-->[com.google.firebase:firebase-iid:20.0.2] AndroidManifest.xml:42:25-78
186            </intent-filter>
187        </receiver>
188
189        <provider
189-->[com.google.firebase:firebase-common:19.3.0] AndroidManifest.xml:26:9-30:39
190            android:name="com.google.firebase.provider.FirebaseInitProvider"
190-->[com.google.firebase:firebase-common:19.3.0] AndroidManifest.xml:27:13-77
191            android:authorities="com.example.flutterchat.firebaseinitprovider"
191-->[com.google.firebase:firebase-common:19.3.0] AndroidManifest.xml:28:13-72
192            android:exported="false"
192-->[com.google.firebase:firebase-common:19.3.0] AndroidManifest.xml:29:13-37
193            android:initOrder="100" />
193-->[com.google.firebase:firebase-common:19.3.0] AndroidManifest.xml:30:13-36
194
195        <activity
195-->[com.google.android.gms:play-services-base:17.1.0] AndroidManifest.xml:23:9-26:75
196            android:name="com.google.android.gms.common.api.GoogleApiActivity"
196-->[com.google.android.gms:play-services-base:17.1.0] AndroidManifest.xml:24:13-79
197            android:exported="false"
197-->[com.google.android.gms:play-services-base:17.1.0] AndroidManifest.xml:25:13-37
198            android:theme="@android:style/Theme.Translucent.NoTitleBar" />
198-->[com.google.android.gms:play-services-base:17.1.0] AndroidManifest.xml:26:13-72
199
200        <meta-data
200-->[com.google.android.gms:play-services-basement:17.0.0] AndroidManifest.xml:23:9-25:69
201            android:name="com.google.android.gms.version"
201-->[com.google.android.gms:play-services-basement:17.0.0] AndroidManifest.xml:24:13-58
202            android:value="@integer/google_play_services_version" />
202-->[com.google.android.gms:play-services-basement:17.0.0] AndroidManifest.xml:25:13-66
203    </application>
204
205</manifest>